<?xml version="1.0" encoding="UTF-8"?>
<testng-results ignored="0" total="1" passed="1" failed="0" skipped="0">
  <reporter-output>
  </reporter-output>
  <suite started-at="2023-12-27T17:32:19 IST" name="Suite" finished-at="2023-12-27T17:32:29 IST" duration-ms="10528">
    <groups>
    </groups>
    <test started-at="2023-12-27T17:32:19 IST" name="Test" finished-at="2023-12-27T17:32:29 IST" duration-ms="10528">
      <class name="mavenTest.Test01">
        <test-method signature="login()[pri:0, instance:mavenTest.Test01@1573f9fc]" started-at="2023-12-27T17:32:19 IST" name="login" finished-at="2023-12-27T17:32:29 IST" duration-ms="10439" status="PASS">
          <reporter-output>
          </reporter-output>
        </test-method> <!-- login -->
      </class> <!-- mavenTest.Test01 -->
    </test> <!-- Test -->
  </suite> <!-- Suite -->
</testng-results>
